app/build/outputs/logs/manifest-merger-debug-report.txt
-- Merging decision tree log ---
manifest
ADDED from src\main\AndroidManifest.xml:2:1-150:12
	xmlns:android
		ADDED from src\main\AndroidManifest.xml:2:11-69
	package
		ADDED from src\main\AndroidManifest.xml:3:5-44
		INJECTED from src\main\AndroidManifest.xml
		INJECTED from src\main\AndroidManifest.xml
	android:versionName
		ADDED from src\main\AndroidManifest.xml:5:5-30
		INJECTED from src\main\AndroidManifest.xml
		INJECTED from src\main\AndroidManifest.xml
	android:versionCode
		ADDED from src\main\AndroidManifest.xml:4:5-28
		INJECTED from src\main\AndroidManifest.xml
		INJECTED from src\main\AndroidManifest.xml
uses-sdk
ADDED from src\main\AndroidManifest.xml:7:5-9:41
MERGED from [com.android.support:appcompat-v7:22.2.1] AndroidManifest.xml:20:5-43
MERGED from [com.android.support:support-v4:22.2.1] AndroidManifest.xml:20:5-43
	android:targetSdkVersion
		ADDED from src\main\AndroidManifest.xml:9:9-38
		INJECTED from src\main\AndroidManifest.xml
		INJECTED from src\main\AndroidManifest.xml
	android:minSdkVersion
		ADDED from src\main\AndroidManifest.xml:8:9-35
		INJECTED from src\main\AndroidManifest.xml
		INJECTED from src\main\AndroidManifest.xml
uses-permission#android.permission.ACCESS_NETWORK_STATE
ADDED from src\main\AndroidManifest.xml:11:5-79
	android:name
		ADDED from src\main\AndroidManifest.xml:11:22-76
uses-permission#android.permission.INTERNET
ADDED from src\main\AndroidManifest.xml:12:5-67
	android:name
		ADDED from src\main\AndroidManifest.xml:12:22-64
uses-permission#android.permission.WRITE_EXTERNAL_STORAGE
ADDED from src\main\AndroidManifest.xml:13:5-81
	android:name
		ADDED from src\main\AndroidManifest.xml:13:22-78
uses-permission#android.permission.ACCESS_WIFI_STATE
ADDED from src\main\AndroidManifest.xml:14:5-76
	android:name
		ADDED from src\main\AndroidManifest.xml:14:22-73
uses-permission#android.permission.READ_PHONE_STATE
ADDED from src\main\AndroidManifest.xml:16:5-75
	android:name
		ADDED from src\main\AndroidManifest.xml:16:22-72
uses-permission#android.permission.READ_SETTINGS
ADDED from src\main\AndroidManifest.xml:17:5-72
	android:name
		ADDED from src\main\AndroidManifest.xml:17:22-69
uses-permission#android.permission.WRITE_SETTINGS
ADDED from src\main\AndroidManifest.xml:18:5-73
	android:name
		ADDED from src\main\AndroidManifest.xml:18:22-70
uses-permission#android.permission.MOUNT_UNMOUNT_FILESYSTEMS
ADDED from src\main\AndroidManifest.xml:20:5-84
	android:name
		ADDED from src\main\AndroidManifest.xml:20:22-81
uses-permission#android.permission.READ_EXTERNAL_STORAGE
ADDED from src\main\AndroidManifest.xml:21:5-80
	android:name
		ADDED from src\main\AndroidManifest.xml:21:22-77
uses-permission#android.permission.GET_TASKS
ADDED from src\main\AndroidManifest.xml:24:5-68
	android:name
		ADDED from src\main\AndroidManifest.xml:24:22-65
application
ADDED from src\main\AndroidManifest.xml:26:5-148:19
MERGED from [com.android.support:appcompat-v7:22.2.1] AndroidManifest.xml:22:5-20
MERGED from [com.android.support:support-v4:22.2.1] AndroidManifest.xml:22:5-20
	android:label
		ADDED from src\main\AndroidManifest.xml:30:9-41
	android:allowBackup
		ADDED from src\main\AndroidManifest.xml:27:9-35
	android:icon
		ADDED from src\main\AndroidManifest.xml:29:9-45
	android:theme
		ADDED from src\main\AndroidManifest.xml:31:9-40
	android:hardwareAccelerated
		ADDED from src\main\AndroidManifest.xml:28:9-43
service#com.example.test_webview_demo.utils.FirstLoadingX5Service
ADDED from src\main\AndroidManifest.xml:32:9-36:19
	android:label
		ADDED from src\main\AndroidManifest.xml:34:13-45
	android:process
		ADDED from src\main\AndroidManifest.xml:35:13-54
	android:name
		ADDED from src\main\AndroidManifest.xml:33:13-56
activity#com.example.test_webview_demo.PreInitBackgroundActivity
ADDED from src\main\AndroidManifest.xml:38:9-42:20
	android:label
		ADDED from src\main\AndroidManifest.xml:41:13-45
	android:configChanges
		ADDED from src\main\AndroidManifest.xml:40:13-74
	android:name
		ADDED from src\main\AndroidManifest.xml:39:13-54
activity#com.example.test_webview_demo.RefreshActivity
ADDED from src\main\AndroidManifest.xml:43:9-47:20
	android:label
		ADDED from src\main\AndroidManifest.xml:46:13-45
	android:configChanges
		ADDED from src\main\AndroidManifest.xml:45:13-74
	android:name
		ADDED from src\main\AndroidManifest.xml:44:13-44
activity#com.example.test_webview_demo.X5FirstTimeActivityForDelay
ADDED from src\main\AndroidManifest.xml:48:9-52:20
	android:label
		ADDED from src\main\AndroidManifest.xml:51:13-45
	android:configChanges
		ADDED from src\main\AndroidManifest.xml:50:13-74
	android:name
		ADDED from src\main\AndroidManifest.xml:49:13-56
activity#com.example.test_webview_demo.MyTestActivity
ADDED from src\main\AndroidManifest.xml:53:9-57:20
	android:label
		ADDED from src\main\AndroidManifest.xml:56:13-45
	android:configChanges
		ADDED from src\main\AndroidManifest.xml:55:13-74
	android:name
		ADDED from src\main\AndroidManifest.xml:54:13-43
activity#com.example.test_webview_demo.WebDevelopmentTipsActivity
ADDED from src\main\AndroidManifest.xml:58:9-62:20
	android:label
		ADDED from src\main\AndroidManifest.xml:61:13-45
	android:configChanges
		ADDED from src\main\AndroidManifest.xml:60:13-74
	android:name
		ADDED from src\main\AndroidManifest.xml:59:13-55
activity#com.example.test_webview_demo.WebViewTransportActivity
ADDED from src\main\AndroidManifest.xml:63:9-67:20
	android:label
		ADDED from src\main\AndroidManifest.xml:66:13-45
	android:configChanges
		ADDED from src\main\AndroidManifest.xml:65:13-74
	android:name
		ADDED from src\main\AndroidManifest.xml:64:13-53
activity#com.example.test_webview_demo.MyLongPressActivity
ADDED from src\main\AndroidManifest.xml:68:9-72:20
	android:label
		ADDED from src\main\AndroidManifest.xml:71:13-45
	android:configChanges
		ADDED from src\main\AndroidManifest.xml:70:13-74
	android:name
		ADDED from src\main\AndroidManifest.xml:69:13-48
activity#com.example.test_webview_demo.FlashPlayerActivity
ADDED from src\main\AndroidManifest.xml:73:9-77:20
	android:label
		ADDED from src\main\AndroidManifest.xml:76:13-45
	android:configChanges
		ADDED from src\main\AndroidManifest.xml:75:13-74
	android:name
		ADDED from src\main\AndroidManifest.xml:74:13-48
activity#com.example.test_webview_demo.FullScreenActivity
ADDED from src\main\AndroidManifest.xml:78:9-82:20
	android:label
		ADDED from src\main\AndroidManifest.xml:81:13-45
	android:configChanges
		ADDED from src\main\AndroidManifest.xml:80:13-74
	android:name
		ADDED from src\main\AndroidManifest.xml:79:13-47
activity#com.example.test_webview_demo.SystemWebActivity
ADDED from src\main\AndroidManifest.xml:83:9-87:20
	android:label
		ADDED from src\main\AndroidManifest.xml:86:13-45
	android:configChanges
		ADDED from src\main\AndroidManifest.xml:85:13-74
	android:name
		ADDED from src\main\AndroidManifest.xml:84:13-46
activity#com.example.test_webview_demo.JavaToJsActivity
ADDED from src\main\AndroidManifest.xml:88:9-92:20
	android:label
		ADDED from src\main\AndroidManifest.xml:91:13-45
	android:configChanges
		ADDED from src\main\AndroidManifest.xml:90:13-74
	android:name
		ADDED from src\main\AndroidManifest.xml:89:13-45
activity#com.example.test_webview_demo.CookieTestActivity
ADDED from src\main\AndroidManifest.xml:93:9-97:20
	android:label
		ADDED from src\main\AndroidManifest.xml:96:13-45
	android:configChanges
		ADDED from src\main\AndroidManifest.xml:95:13-74
	android:name
		ADDED from src\main\AndroidManifest.xml:94:13-47
activity#com.example.test_webview_demo.FilechooserActivity
ADDED from src\main\AndroidManifest.xml:98:9-102:20
	android:label
		ADDED from src\main\AndroidManifest.xml:101:13-45
	android:configChanges
		ADDED from src\main\AndroidManifest.xml:100:13-74
	android:name
		ADDED from src\main\AndroidManifest.xml:99:13-48
activity#com.example.test_webview_demo.BrowserActivity
ADDED from src\main\AndroidManifest.xml:103:9-107:20
	android:label
		ADDED from src\main\AndroidManifest.xml:106:13-45
	android:configChanges
		ADDED from src\main\AndroidManifest.xml:105:13-74
	android:name
		ADDED from src\main\AndroidManifest.xml:104:13-44
activity#com.example.test_webview_demo.ImageResultActivity
ADDED from src\main\AndroidManifest.xml:108:9-112:20
	android:label
		ADDED from src\main\AndroidManifest.xml:111:13-45
	android:configChanges
		ADDED from src\main\AndroidManifest.xml:110:13-74
	android:name
		ADDED from src\main\AndroidManifest.xml:109:13-48
activity#com.example.test_webview_demo.X5FirstTimeActivity
ADDED from src\main\AndroidManifest.xml:113:9-117:20
	android:label
		ADDED from src\main\AndroidManifest.xml:116:13-45
	android:configChanges
		ADDED from src\main\AndroidManifest.xml:115:13-74
	android:name
		ADDED from src\main\AndroidManifest.xml:114:13-48
activity#com.example.test_webview_demo.MainActivity
ADDED from src\main\AndroidManifest.xml:118:9-126:20
	android:configChanges
		ADDED from src\main\AndroidManifest.xml:120:13-74
	android:name
		ADDED from src\main\AndroidManifest.xml:119:13-41
intent-filter#android.intent.action.MAIN+android.intent.category.LAUNCHER
ADDED from src\main\AndroidManifest.xml:121:13-125:29
action#android.intent.action.MAIN
ADDED from src\main\AndroidManifest.xml:122:17-69
	android:name
		ADDED from src\main\AndroidManifest.xml:122:25-66
category#android.intent.category.LAUNCHER
ADDED from src\main\AndroidManifest.xml:124:17-77
	android:name
		ADDED from src\main\AndroidManifest.xml:124:27-74
activity#com.tencent.smtt.sdk.VideoActivity
ADDED from src\main\AndroidManifest.xml:127:9-138:20
	android:configChanges
		ADDED from src\main\AndroidManifest.xml:130:13-74
	android:exported
		ADDED from src\main\AndroidManifest.xml:131:13-37
	android:name
		ADDED from src\main\AndroidManifest.xml:128:13-62
	android:alwaysRetainTaskState
		ADDED from src\main\AndroidManifest.xml:129:13-49
	android:launchMode
		ADDED from src\main\AndroidManifest.xml:132:13-44
intent-filter#android.intent.category.DEFAULT+com.tencent.smtt.tbs.video.PLAY
ADDED from src\main\AndroidManifest.xml:133:13-137:29
action#com.tencent.smtt.tbs.video.PLAY
ADDED from src\main\AndroidManifest.xml:134:17-74
	android:name
		ADDED from src\main\AndroidManifest.xml:134:25-71
category#android.intent.category.DEFAULT
ADDED from src\main\AndroidManifest.xml:136:17-76
	android:name
		ADDED from src\main\AndroidManifest.xml:136:27-73
meta-data#QBSDKAppKey
ADDED from src\main\AndroidManifest.xml:140:9-142:56
	android:name
		ADDED from src\main\AndroidManifest.xml:141:13-39
	android:value
		ADDED from src\main\AndroidManifest.xml:142:13-53
activity#com.example.test_webview_demo.MiniQBActivity
ADDED from src\main\AndroidManifest.xml:144:9-147:20
	android:label
		ADDED from src\main\AndroidManifest.xml:146:13-59
	android:name
		ADDED from src\main\AndroidManifest.xml:145:13-43